[debug] [2023-04-10T02:34:55.577Z] ----------------------------------------------------------------------
[debug] [2023-04-10T02:34:55.580Z] Command:       C:\Program Files\nodejs\node.exe C:\Users\USUARIO LENOVO\AppData\Roaming\npm\node_modules\firebase-tools\lib\bin\firebase.js init
[debug] [2023-04-10T02:34:55.581Z] CLI Version:   11.25.3
[debug] [2023-04-10T02:34:55.581Z] Platform:      win32
[debug] [2023-04-10T02:34:55.581Z] Node Version:  v18.8.0
[debug] [2023-04-10T02:34:55.583Z] Time:          Sun Apr 09 2023 21:34:55 GMT-0500 (hora de Ecuador)
[debug] [2023-04-10T02:34:55.583Z] ----------------------------------------------------------------------
[debug] 
[debug] [2023-04-10T02:34:55.602Z] > command requires scopes: ["email","openid","https://www.googleapis.com/auth/cloudplatformprojects.readonly","https://www.googleapis.com/auth/firebase","https://www.googleapis.com/auth/cloud-platform"]
[debug] [2023-04-10T02:34:55.603Z] > authorizing via signed-in user (bryan98jacome@gmail.com)
[info] 
     ######## #### ########  ######## ########     ###     ######  ########
     ##        ##  ##     ## ##       ##     ##  ##   ##  ##       ##
     ######    ##  ########  ######   ########  #########  ######  ######
     ##        ##  ##    ##  ##       ##     ## ##     ##       ## ##
     ##       #### ##     ## ######## ########  ##     ##  ######  ########

You're about to initialize a Firebase project in this directory:

  C:\Users\USUARIO LENOVO\OneDrive\Documentos\React\Proyectos\helados\control_produccion\controlproduccion-firebase

[info] 
=== Project Setup
[info] 
[info] First, let's associate this project directory with a Firebase project.
[info] You can create multiple project aliases by running firebase use --add, 
[info] but for now we'll just set up a default project.
[info] 
[debug] [2023-04-10T02:36:38.443Z] >>> [apiv2][query] GET https://firebase.googleapis.com/v1beta1/projects pageSize=100
[debug] [2023-04-10T02:36:39.027Z] <<< [apiv2][status] GET https://firebase.googleapis.com/v1beta1/projects 200
[debug] [2023-04-10T02:36:39.028Z] <<< [apiv2][body] GET https://firebase.googleapis.com/v1beta1/projects [omitted]
[info] i  Using project api-control-produccion (API-Control-Produccion) 
[info] 
=== Hosting Setup
[info] 
[info] Your public directory is the folder (relative to your project directory) that
[info] will contain Hosting assets to be uploaded with firebase deploy. If you
[info] have a build process for your assets, use your build's output directory.
[info] 
